<?xml version="1.0" encoding="UTF-8"?>
<!-- Generated by org.testng.reporters.JUnitReportReporter -->
<testsuite skipped="0" hostname="Aruns-MacBook-Pro.local" name="TestNGSessions.GoogleTest" tests="2" failures="0" timestamp="26 Jan 2020 20:25:46 GMT" time="1.896" errors="0">
  <testcase name="verifyGoogleTitleTest" time="0.018" classname="TestNGSessions.GoogleTest"/>
  <testcase name="verifyGoogleSearchTest" time="1.878" classname="TestNGSessions.GoogleTest"/>
</testsuite> <!-- TestNGSessions.GoogleTest -->
