<?xml version="1.0" encoding="UTF-8"?>
<!-- Generated by org.testng.reporters.JUnitReportReporter -->
<testsuite skipped="0" hostname="Aruns-MacBook-Pro.local" name="TestNGSessions.TestNGAnnotations" tests="3" failures="0" timestamp="24 Jan 2020 02:58:23 GMT" time="0.014" errors="0">
  <testcase name="verifyLoggedInUserTest" time="0.009" classname="TestNGSessions.TestNGAnnotations"/>
  <testcase name="verifyHomePageTitleTest" time="0.002" classname="TestNGSessions.TestNGAnnotations"/>
  <testcase name="verifyHomePageHeaderTest" time="0.003" classname="TestNGSessions.TestNGAnnotations"/>
</testsuite> <!-- TestNGSessions.TestNGAnnotations -->
