<?xml version="1.0" encoding="UTF-8"?>
<!-- Generated by org.testng.reporters.JUnitReportReporter -->
<testsuite skipped="0" hostname="Aruns-MacBook-Pro.local" name="MyTests.LoginPageTest_Case1" tests="1" failures="0" timestamp="26 Jan 2020 20:45:26 GMT" time="6.804" errors="0">
  <testcase name="verifyTitleTest" time="6.804" classname="MyTests.LoginPageTest_Case1"/>
</testsuite> <!-- MyTests.LoginPageTest_Case1 -->
