<?xml version="1.0" encoding="UTF-8"?>
<!-- Generated by org.testng.reporters.JUnitReportReporter -->
<testsuite skipped="0" hostname="Aruns-MacBook-Pro.local" name="TestNGSessions.InvocationCount" tests="10" failures="0" timestamp="24 Jan 2020 22:45:11 GMT" time="0.023" errors="0">
  <testcase name="createUserTest" time="0.001" classname="TestNGSessions.InvocationCount"/>
  <testcase name="createUserTest" time="0.003" classname="TestNGSessions.InvocationCount"/>
  <testcase name="createUserTest" time="0.001" classname="TestNGSessions.InvocationCount"/>
  <testcase name="createUserTest" time="0.001" classname="TestNGSessions.InvocationCount"/>
  <testcase name="createUserTest" time="0.008" classname="TestNGSessions.InvocationCount"/>
  <testcase name="createUserTest" time="0.002" classname="TestNGSessions.InvocationCount"/>
  <testcase name="createUserTest" time="0.001" classname="TestNGSessions.InvocationCount"/>
  <testcase name="createUserTest" time="0.002" classname="TestNGSessions.InvocationCount"/>
  <testcase name="createUserTest" time="0.003" classname="TestNGSessions.InvocationCount"/>
  <testcase name="createUserTest" time="0.001" classname="TestNGSessions.InvocationCount"/>
</testsuite> <!-- TestNGSessions.InvocationCount -->
