<?xml version="1.0" encoding="UTF-8"?>
<!-- Generated by org.testng.reporters.JUnitReportReporter -->
<testsuite skipped="0" hostname="Aruns-MacBook-Pro.local" name="TestNGSessions.LoginPageTest" tests="3" failures="0" timestamp="24 Jan 2020 22:04:10 GMT" time="20.648" errors="0">
  <testcase name="verifyTitleTest" time="6.092" classname="TestNGSessions.LoginPageTest"/>
  <testcase name="verifySignUpLinkTest" time="6.093" classname="TestNGSessions.LoginPageTest"/>
  <testcase name="loginTest" time="8.463" classname="TestNGSessions.LoginPageTest"/>
</testsuite> <!-- TestNGSessions.LoginPageTest -->
