<?xml version="1.0" encoding="UTF-8"?>
<!-- Generated by org.testng.reporters.JUnitReportReporter -->
<testsuite skipped="0" hostname="Aruns-MacBook-Pro.local" name="TestNGSessions.ExpectedExceptionConcept" tests="1" failures="0" timestamp="24 Jan 2020 22:42:57 GMT" time="0.009" errors="0">
  <testcase name="getNameTest" time="0.009" classname="TestNGSessions.ExpectedExceptionConcept"/>
</testsuite> <!-- TestNGSessions.ExpectedExceptionConcept -->
