<?xml version="1.0" encoding="UTF-8"?>
<!-- Generated by org.testng.reporters.JUnitReportReporter -->
<testsuite skipped="1" hostname="Aruns-MacBook-Pro.local" name="TestNGSessions.PriorityConcept" tests="2" failures="0" timestamp="26 Jan 2020 20:45:21 GMT" time="0.004" errors="0">
  <testcase name="test4" time="0.004" classname="TestNGSessions.PriorityConcept"/>
  <testcase name="test3" classname="TestNGSessions.PriorityConcept">
    <skipped/>
  </testcase> <!-- test3 -->
</testsuite> <!-- TestNGSessions.PriorityConcept -->
