<?xml version="1.0" encoding="UTF-8"?>
<!-- Generated by org.testng.reporters.JUnitReportReporter -->
<testsuite skipped="0" hostname="Aruns-MacBook-Pro.local" name="MyTests.GoogleTest" tests="2" failures="0" timestamp="26 Jan 2020 20:43:31 GMT" time="1.825" errors="0">
  <testcase name="verifyGoogleTitleTest" time="0.021" classname="MyTests.GoogleTest"/>
  <testcase name="verifyGoogleSearchTest" time="1.804" classname="MyTests.GoogleTest"/>
</testsuite> <!-- MyTests.GoogleTest -->
